<?xml version="1.0" encoding="UTF-8"?>
<!-- Generated by org.testng.reporters.JUnitReportReporter -->
<testsuite hostname="DESKTOP-3BNAR3I" failures="0" tests="1" name="com.runners.RunneraFile1" time="9.610" errors="0" timestamp="2023-04-06T16:33:08 EDT" skipped="0">
  <testcase classname="com.runners.RunneraFile1" name="runScenario" time="9.610"/>
  <system-out/>
</testsuite> <!-- com.runners.RunneraFile1 -->
