<?xml version="1.0" encoding="UTF-8"?>
<!-- Generated by org.testng.reporters.JUnitReportReporter -->
<testsuite hostname="DESKTOP-3BNAR3I" failures="0" tests="1" name="pojo.GetUserWithPojo" time="10.913" errors="0" timestamp="2023-04-03T13:16:32 EDT" skipped="0">
  <testcase classname="pojo.GetUserWithPojo" name="getUserDataWithPojo" time="10.913"/>
  <system-out/>
</testsuite> <!-- pojo.GetUserWithPojo -->
