<?xml version="1.0" encoding="UTF-8"?>
<!-- Generated by org.testng.reporters.JUnitReportReporter -->
<testsuite hostname="DESKTOP-3BNAR3I" failures="0" tests="1" name="com.tests.GetData12" time="1.762" errors="0" timestamp="2023-01-02T08:31:12 EST" skipped="0">
  <testcase classname="com.tests.GetData12" name="getdata" time="1.762"/>
  <system-out/>
</testsuite> <!-- com.tests.GetData12 -->
