<?xml version="1.0" encoding="UTF-8"?>
<!-- Generated by org.testng.reporters.JUnitReportReporter -->
<testsuite hostname="DESKTOP-3BNAR3I" failures="0" tests="1" name="pojo.AddUserPojo" time="4.143" errors="0" timestamp="2023-04-29T22:01:30 EDT" skipped="0">
  <testcase classname="pojo.AddUserPojo" name="addUserDataWithPojo" time="4.143"/>
  <system-out/>
</testsuite> <!-- pojo.AddUserPojo -->
