<?xml version="1.0" encoding="UTF-8"?>
<!-- Generated by org.testng.reporters.JUnitReportReporter -->
<testsuite hostname="DESKTOP-3BNAR3I" failures="0" tests="1" name="com.tests.CRUDWithTekarchApi.AddUser" time="6.288" errors="0" timestamp="2023-07-17T06:29:21 EDT" skipped="0">
  <testcase classname="com.tests.CRUDWithTekarchApi.AddUser" name="addUserData" time="6.288"/>
  <system-out/>
</testsuite> <!-- com.tests.CRUDWithTekarchApi.AddUser -->
