<?xml version="1.0" encoding="UTF-8"?>
<!-- Generated by org.testng.reporters.JUnitReportReporter -->
<testsuite hostname="DESKTOP-3BNAR3I" failures="0" tests="1" name="com.tests.Practice" time="1.969" errors="0" timestamp="2023-04-29T22:31:54 EDT" skipped="0">
  <testcase classname="com.tests.Practice" name="test1" time="1.969"/>
  <system-out/>
</testsuite> <!-- com.tests.Practice -->
