<?xml version="1.0" encoding="UTF-8"?>
<!-- Generated by org.testng.reporters.JUnitReportReporter -->
<testsuite hostname="DESKTOP-3BNAR3I" failures="0" tests="1" name="com.project1.Create" time="1.590" errors="0" timestamp="2023-01-02T15:22:22 EST" skipped="0">
  <testcase classname="com.project1.Create" name="create" time="1.590"/>
  <system-out/>
</testsuite> <!-- com.project1.Create -->
